Arguments: 
  /Users/jpcas/.nvm/versions/node/v14.4.0/bin/node /Users/jpcas/.nvm/versions/node/v14.4.0/bin/yarn add redline-sync

PATH: 
  /Users/jpcas/.nvm/versions/node/v14.4.0/bin:/usr/local/bin:/usr/bin:/bin:/usr/sbin:/sbin

Yarn version: 
  1.22.5

Node version: 
  14.4.0

Platform: 
  darwin x64

Trace: 
  Error: https://registry.yarnpkg.com/redline-sync: Not found
      at Request.params.callback [as _callback] (/Users/jpcas/.nvm/versions/node/v14.4.0/lib/node_modules/yarn/lib/cli.js:66988:18)
      at Request.self.callback (/Users/jpcas/.nvm/versions/node/v14.4.0/lib/node_modules/yarn/lib/cli.js:140662:22)
      at Request.emit (events.js:315:20)
      at Request.<anonymous> (/Users/jpcas/.nvm/versions/node/v14.4.0/lib/node_modules/yarn/lib/cli.js:141634:10)
      at Request.emit (events.js:315:20)
      at IncomingMessage.<anonymous> (/Users/jpcas/.nvm/versions/node/v14.4.0/lib/node_modules/yarn/lib/cli.js:141556:12)
      at Object.onceWrapper (events.js:421:28)
      at IncomingMessage.emit (events.js:327:22)
      at endReadableNT (_stream_readable.js:1224:12)
      at processTicksAndRejections (internal/process/task_queues.js:84:21)

npm manifest: 
  {
    "name": "tip-calc",
    "version": "1.0.0",
    "main": "index.js",
    "repository": "git@github.com:jpcas/tip-calc.git",
    "author": "JP Castrillon <jpcas001@gmail.com>",
    "license": "MIT",
    "dependencies": {
      "readline-sync": "^1.4.10"
    }
  }

yarn manifest: 
  No manifest

Lockfile: 
  # THIS IS AN AUTOGENERATED FILE. DO NOT EDIT THIS FILE DIRECTLY.
  # yarn lockfile v1
  
  
  readline-sync@^1.4.10:
    version "1.4.10"
    resolved "https://registry.yarnpkg.com/readline-sync/-/readline-sync-1.4.10.tgz#41df7fbb4b6312d673011594145705bf56d8873b"
    integrity sha512-gNva8/6UAe8QYepIQH/jQ2qn91Qj0B9sYjMBBs3QOB8F2CXcKgLxQaJRP76sWVRQt+QU+8fAkCbCvjjMFu7Ycw==
